<?xml version="1.0" encoding="UTF-8"?>
<testng-results skipped="0" failed="0" total="1" passed="1">
  <reporter-output>
  </reporter-output>
  <suite name="Default suite" duration-ms="3908" started-at="2017-12-06T13:20:27Z" finished-at="2017-12-06T13:20:31Z">
    <groups>
    </groups>
    <test name="Default test" duration-ms="3908" started-at="2017-12-06T13:20:27Z" finished-at="2017-12-06T13:20:31Z">
      <class name="basicAPI_5">
        <test-method status="PASS" signature="getAPI()[pri:0, instance:basicAPI_5@1794d431]" name="getAPI" duration-ms="3878" started-at="2017-12-06T18:50:27Z" finished-at="2017-12-06T18:50:31Z">
          <reporter-output>
          </reporter-output>
        </test-method> <!-- getAPI -->
      </class> <!-- basicAPI_5 -->
    </test> <!-- Default test -->
  </suite> <!-- Default suite -->
</testng-results>
